<?xml version="1.0" encoding="UTF-8" ?>

<testsuite failures="0" time="0.009" errors="0" skipped="0" tests="3" name="models.TestDataReading">
  <testcase classname="models.TestDataReading" name="testReadSingers" time="0.008">
      </testcase>
  <testcase classname="models.TestDataReading" name="testReadQuartets" time="0">
      </testcase>
  <testcase classname="models.TestDataReading" name="testReadRoles" time="0.001">
      </testcase>
</testsuite>
