<?xml version="1.0" encoding="UTF-8" ?>

<testsuite failures="0" time="0.021" errors="1" skipped="0" tests="1" name="models.TestSinger">
  <testcase classname="models.TestSinger" name="testCreateSinger" time="0.008">
      </testcase>
  <testcase classname="models.TestSinger" name="testSaveTenSingers" time="0.013">
                        <error type="" message="A java.lang.IllegalArgumentException has been caught, voiceParts: models.enums.VoicePart is not a supported property type.">
        <![CDATA[
          In /test/models/TestSinger.java, line 47
          
              			singer.insert(); :
          
        ]]>
        </error>
                  <system-err>
            java.lang.IllegalArgumentException: voiceParts: models.enums.VoicePart is not a supported property type.
	at com.google.appengine.api.datastore.DataTypeUtils.checkSupportedSingleValue(DataTypeUtils.java:184)
	at com.google.appengine.api.datastore.DataTypeUtils.checkSupportedValue(DataTypeUtils.java:149)
	at com.google.appengine.api.datastore.DataTypeUtils.checkSupportedValue(DataTypeUtils.java:123)
	at com.google.appengine.api.datastore.Entity.setProperty(Entity.java:280)
	at siena.gae.GaeMappingUtils.fillEntity(GaeMappingUtils.java:476)
	at siena.gae.GaePersistenceManager._insertSingle(GaePersistenceManager.java:284)
	at siena.gae.GaePersistenceManager._insertSingle(GaePersistenceManager.java:267)
	at siena.gae.GaePersistenceManager.insert(GaePersistenceManager.java:253)
	at siena.Model.insert(Model.java:79)
	at models.TestSinger.testSaveTenSingers(TestSinger.java:47)
	at sun.reflect.NativeMethodAccessorImpl.invoke0(Native Method)
	at sun.reflect.NativeMethodAccessorImpl.invoke(Unknown Source)
	at sun.reflect.DelegatingMethodAccessorImpl.invoke(Unknown Source)
	at java.lang.reflect.Method.invoke(Unknown Source)
	at org.junit.runners.model.FrameworkMethod$1.runReflectiveCall(FrameworkMethod.java:44)
	at org.junit.internal.runners.model.ReflectiveCallable.run(ReflectiveCallable.java:15)
	at org.junit.runners.model.FrameworkMethod.invokeExplosively(FrameworkMethod.java:41)
	at org.junit.internal.runners.statements.InvokeMethod.evaluate(InvokeMethod.java:20)
	at play.test.PlayJUnitRunner$StartPlay$2$1.evaluate(PlayJUnitRunner.java:98)
	at org.junit.runners.BlockJUnit4ClassRunner.runChild(BlockJUnit4ClassRunner.java:76)
	at org.junit.runners.BlockJUnit4ClassRunner.runChild(BlockJUnit4ClassRunner.java:50)
	at org.junit.runners.ParentRunner$3.run(ParentRunner.java:193)
	at org.junit.runners.ParentRunner$1.schedule(ParentRunner.java:52)
	at org.junit.runners.ParentRunner.runChildren(ParentRunner.java:191)
	at org.junit.runners.ParentRunner.access$000(ParentRunner.java:42)
	at org.junit.runners.ParentRunner$2.evaluate(ParentRunner.java:184)
	at org.junit.internal.runners.statements.RunBefores.evaluate(RunBefores.java:28)
	at org.junit.runners.ParentRunner.run(ParentRunner.java:236)
	at play.test.PlayJUnitRunner.run(PlayJUnitRunner.java:48)
	at org.junit.runners.Suite.runChild(Suite.java:128)
	at org.junit.runners.Suite.runChild(Suite.java:24)
	at org.junit.runners.ParentRunner$3.run(ParentRunner.java:193)
	at org.junit.runners.ParentRunner$1.schedule(ParentRunner.java:52)
	at org.junit.runners.ParentRunner.runChildren(ParentRunner.java:191)
	at org.junit.runners.ParentRunner.access$000(ParentRunner.java:42)
	at org.junit.runners.ParentRunner$2.evaluate(ParentRunner.java:184)
	at org.junit.runners.ParentRunner.run(ParentRunner.java:236)
	at org.junit.runner.JUnitCore.run(JUnitCore.java:157)
	at org.junit.runner.JUnitCore.run(JUnitCore.java:136)
	at org.junit.runner.JUnitCore.run(JUnitCore.java:117)
	at play.test.TestEngine.run(TestEngine.java:101)
	at controllers.TestRunner.run(TestRunner.java:67)
	at sun.reflect.NativeMethodAccessorImpl.invoke0(Native Method)
	at sun.reflect.NativeMethodAccessorImpl.invoke(Unknown Source)
	at sun.reflect.DelegatingMethodAccessorImpl.invoke(Unknown Source)
	at java.lang.reflect.Method.invoke(Unknown Source)
	at play.mvc.ActionInvoker.invokeWithContinuation(ActionInvoker.java:546)
	at play.mvc.ActionInvoker.invoke(ActionInvoker.java:500)
	at play.mvc.ActionInvoker.invokeControllerMethod(ActionInvoker.java:476)
	at play.mvc.ActionInvoker.invokeControllerMethod(ActionInvoker.java:471)
	at play.mvc.ActionInvoker.invoke(ActionInvoker.java:159)
	at play.server.PlayHandler$NettyInvocation.execute(PlayHandler.java:220)
	at play.Invoker$Invocation.run(Invoker.java:265)
	at play.server.PlayHandler$NettyInvocation.run(PlayHandler.java:200)
	at java.util.concurrent.Executors$RunnableAdapter.call(Unknown Source)
	at java.util.concurrent.FutureTask$Sync.innerRun(Unknown Source)
	at java.util.concurrent.FutureTask.run(Unknown Source)
	at java.util.concurrent.ScheduledThreadPoolExecutor$ScheduledFutureTask.access$201(Unknown Source)
	at java.util.concurrent.ScheduledThreadPoolExecutor$ScheduledFutureTask.run(Unknown Source)
	at java.util.concurrent.ThreadPoolExecutor.runWorker(Unknown Source)
	at java.util.concurrent.ThreadPoolExecutor$Worker.run(Unknown Source)
	at java.lang.Thread.run(Unknown Source)

          </system-err>  
        }
            </testcase>
</testsuite>
