<?xml version="1.0" encoding="UTF-8" ?>

<testsuite failures="0" time="0.01" errors="0" skipped="0" tests="1" name="models.TestSingerPersistence">
  <testcase classname="models.TestSingerPersistence" name="testCountSingers" time="0.01">
      </testcase>
</testsuite>
