<?xml version="1.0" encoding="UTF-8" ?>

<testsuite failures="0" time="0" errors="0" skipped="0" tests="1" name="org.sweetadelines.quartets.domain.BasicTest">
  <testcase classname="org.sweetadelines.quartets.domain.BasicTest" name="aVeryImportantThingToTest" time="0">
      </testcase>
</testsuite>
