<?xml version="1.0" encoding="UTF-8" ?>

<testsuite failures="0" time="0.011" errors="0" skipped="0" tests="2" name="models.TestUnpersistedQuartet">
  <testcase classname="models.TestUnpersistedQuartet" name="testCreateRandomQuartet" time="0.007">
      </testcase>
  <testcase classname="models.TestUnpersistedQuartet" name="testCreateNewQuartet" time="0.004">
      </testcase>
</testsuite>
